<?xml version="1.0" encoding="UTF-8"?>
<testng-results skipped="0" failed="0" total="2" passed="2">
  <reporter-output>
  </reporter-output>
  <suite name="Default suite" duration-ms="26126" started-at="2018-04-05T09:08:01Z" finished-at="2018-04-05T09:08:27Z">
    <groups>
    </groups>
    <test name="Default test" duration-ms="26126" started-at="2018-04-05T09:08:01Z" finished-at="2018-04-05T09:08:27Z">
      <class name="com.learnautomation.selenium.Demo">
        <test-method status="PASS" signature="login(java.lang.String, java.lang.String)[pri:0, instance:com.learnautomation.selenium.Demo@5e3a8624]" name="login" duration-ms="10720" started-at="2018-04-05T14:38:01Z" data-provider="loginData" finished-at="2018-04-05T14:38:12Z">
          <params>
            <param index="0">
              <value>
                <![CDATA[sa@key2key.net]]>
              </value>
            </param>
            <param index="1">
              <value>
                <![CDATA[Thisisntapassword1@]]>
              </value>
            </param>
          </params>
          <reporter-output>
          </reporter-output>
        </test-method> <!-- login -->
        <test-method status="PASS" signature="tearDown()[pri:0, instance:com.learnautomation.selenium.Demo@5e3a8624]" name="tearDown" is-config="true" duration-ms="2728" started-at="2018-04-05T14:38:12Z" finished-at="2018-04-05T14:38:15Z">
          <reporter-output>
          </reporter-output>
        </test-method> <!-- tearDown -->
        <test-method status="PASS" signature="login(java.lang.String, java.lang.String)[pri:0, instance:com.learnautomation.selenium.Demo@5e3a8624]" name="login" duration-ms="9418" started-at="2018-04-05T14:38:15Z" data-provider="loginData" finished-at="2018-04-05T14:38:24Z">
          <params>
            <param index="0">
              <value>
                <![CDATA[sa@key2key.net]]>
              </value>
            </param>
            <param index="1">
              <value>
                <![CDATA[Thisisntapassword1@]]>
              </value>
            </param>
          </params>
          <reporter-output>
          </reporter-output>
        </test-method> <!-- login -->
        <test-method status="PASS" signature="tearDown()[pri:0, instance:com.learnautomation.selenium.Demo@5e3a8624]" name="tearDown" is-config="true" duration-ms="2730" started-at="2018-04-05T14:38:24Z" finished-at="2018-04-05T14:38:27Z">
          <reporter-output>
          </reporter-output>
        </test-method> <!-- tearDown -->
      </class> <!-- com.learnautomation.selenium.Demo -->
    </test> <!-- Default test -->
  </suite> <!-- Default suite -->
</testng-results>
