<?xml version="1.0" encoding="UTF-8"?>
<testng-results skipped="0" failed="0" total="2" passed="2">
  <reporter-output>
  </reporter-output>
  <suite name="Suite" duration-ms="27208" started-at="2018-04-06T06:21:08Z" finished-at="2018-04-06T06:21:36Z">
    <groups>
    </groups>
    <test name="Test" duration-ms="27208" started-at="2018-04-06T06:21:08Z" finished-at="2018-04-06T06:21:36Z">
      <class name="com.learnautomation.selenium.Demo">
        <test-method status="PASS" signature="login(java.lang.String, java.lang.String)[pri:0, instance:com.learnautomation.selenium.Demo@6bdf28bb]" name="login" duration-ms="12081" started-at="2018-04-06T11:51:09Z" data-provider="loginData" finished-at="2018-04-06T11:51:21Z">
          <params>
            <param index="0">
              <value>
                <![CDATA[sa@key2key.net]]>
              </value>
            </param>
            <param index="1">
              <value>
                <![CDATA[Thisisntapassword1@]]>
              </value>
            </param>
          </params>
          <reporter-output>
          </reporter-output>
        </test-method> <!-- login -->
        <test-method status="PASS" signature="tearDown()[pri:0, instance:com.learnautomation.selenium.Demo@6bdf28bb]" name="tearDown" is-config="true" duration-ms="2693" started-at="2018-04-06T11:51:21Z" finished-at="2018-04-06T11:51:24Z">
          <reporter-output>
          </reporter-output>
        </test-method> <!-- tearDown -->
        <test-method status="PASS" signature="login(java.lang.String, java.lang.String)[pri:0, instance:com.learnautomation.selenium.Demo@6bdf28bb]" name="login" duration-ms="9245" started-at="2018-04-06T11:51:24Z" data-provider="loginData" finished-at="2018-04-06T11:51:33Z">
          <params>
            <param index="0">
              <value>
                <![CDATA[sa@key2key.net]]>
              </value>
            </param>
            <param index="1">
              <value>
                <![CDATA[Thisisntapassword1@]]>
              </value>
            </param>
          </params>
          <reporter-output>
          </reporter-output>
        </test-method> <!-- login -->
        <test-method status="PASS" signature="tearDown()[pri:0, instance:com.learnautomation.selenium.Demo@6bdf28bb]" name="tearDown" is-config="true" duration-ms="2680" started-at="2018-04-06T11:51:33Z" finished-at="2018-04-06T11:51:36Z">
          <reporter-output>
          </reporter-output>
        </test-method> <!-- tearDown -->
      </class> <!-- com.learnautomation.selenium.Demo -->
    </test> <!-- Test -->
  </suite> <!-- Suite -->
</testng-results>
